::1 - - [12/May/2016:07:48:54 +0000] "GET /ws/?EIO=3&transport=polling&t=LIZy9Rj HTTP/1.1" 200 - "http://localhost:3000/" "Mozilla/5.0 (Macintosh; Intel Mac OS X 10_11_4) AppleWebKit/537.36 (KHTML, like Gecko) Chrome/49.0.2623.112 Safari/537.36"
::1 - - [12/May/2016:07:48:54 +0000] "POST /ws/?EIO=3&transport=polling&t=LIZy9So HTTP/1.1" 200 - "http://localhost:3000/" "Mozilla/5.0 (Macintosh; Intel Mac OS X 10_11_4) AppleWebKit/537.36 (KHTML, like Gecko) Chrome/49.0.2623.112 Safari/537.36"
::1 - - [12/May/2016:07:49:00 +0000] "GET /ws/?EIO=3&transport=polling&t=LIZyAvR HTTP/1.1" 200 - "http://localhost:3000/" "Mozilla/5.0 (Macintosh; Intel Mac OS X 10_11_4) AppleWebKit/537.36 (KHTML, like Gecko) Chrome/49.0.2623.112 Safari/537.36"
::1 - - [12/May/2016:07:49:00 +0000] "POST /ws/?EIO=3&transport=polling&t=LIZyAvY HTTP/1.1" 200 - "http://localhost:3000/" "Mozilla/5.0 (Macintosh; Intel Mac OS X 10_11_4) AppleWebKit/537.36 (KHTML, like Gecko) Chrome/49.0.2623.112 Safari/537.36"
::1 - - [12/May/2016:07:49:00 +0000] "GET /posts HTTP/1.1" 200 - "-" "Mozilla/5.0 (Macintosh; Intel Mac OS X 10_11_4) AppleWebKit/537.36 (KHTML, like Gecko) Chrome/49.0.2623.112 Safari/537.36"
::1 - - [12/May/2016:07:49:01 +0000] "GET /api/posts?testParam=test HTTP/1.1" 304 - "http://localhost:3000/posts" "Mozilla/5.0 (Macintosh; Intel Mac OS X 10_11_4) AppleWebKit/537.36 (KHTML, like Gecko) Chrome/49.0.2623.112 Safari/537.36"
::1 - - [12/May/2016:07:49:01 +0000] "GET /__webpack_hmr HTTP/1.1" 200 - "http://localhost:3000/posts" "Mozilla/5.0 (Macintosh; Intel Mac OS X 10_11_4) AppleWebKit/537.36 (KHTML, like Gecko) Chrome/49.0.2623.112 Safari/537.36"
::1 - - [12/May/2016:07:49:01 +0000] "GET /static/images/favicon.png HTTP/1.1" 200 - "http://localhost:3000/posts" "Mozilla/5.0 (Macintosh; Intel Mac OS X 10_11_4) AppleWebKit/537.36 (KHTML, like Gecko) Chrome/49.0.2623.112 Safari/537.36"
::1 - - [12/May/2016:07:49:03 +0000] "GET /static/images/example.jpg HTTP/1.1" 304 - "http://localhost:3000/about" "Mozilla/5.0 (Macintosh; Intel Mac OS X 10_11_4) AppleWebKit/537.36 (KHTML, like Gecko) Chrome/49.0.2623.112 Safari/537.36"
::1 - - [12/May/2016:07:49:03 +0000] "GET /static/images/favicon.png HTTP/1.1" 200 - "http://localhost:3000/about" "Mozilla/5.0 (Macintosh; Intel Mac OS X 10_11_4) AppleWebKit/537.36 (KHTML, like Gecko) Chrome/49.0.2623.112 Safari/537.36"
::1 - - [12/May/2016:07:49:04 +0000] "GET /static/images/loading.gif HTTP/1.1" 200 - "http://localhost:3000/async-example" "Mozilla/5.0 (Macintosh; Intel Mac OS X 10_11_4) AppleWebKit/537.36 (KHTML, like Gecko) Chrome/49.0.2623.112 Safari/537.36"
::1 - - [12/May/2016:07:49:04 +0000] "GET /static/images/favicon.png HTTP/1.1" 200 - "http://localhost:3000/async-example" "Mozilla/5.0 (Macintosh; Intel Mac OS X 10_11_4) AppleWebKit/537.36 (KHTML, like Gecko) Chrome/49.0.2623.112 Safari/537.36"
::1 - - [12/May/2016:07:49:06 +0000] "GET /ws/?EIO=3&transport=polling&t=LIZyCNF HTTP/1.1" 200 - "http://localhost:3000/" "Mozilla/5.0 (Macintosh; Intel Mac OS X 10_11_4) AppleWebKit/537.36 (KHTML, like Gecko) Chrome/49.0.2623.112 Safari/537.36"
::1 - - [12/May/2016:07:49:06 +0000] "POST /ws/?EIO=3&transport=polling&t=LIZyCNL HTTP/1.1" 200 - "http://localhost:3000/" "Mozilla/5.0 (Macintosh; Intel Mac OS X 10_11_4) AppleWebKit/537.36 (KHTML, like Gecko) Chrome/49.0.2623.112 Safari/537.36"
::1 - - [12/May/2016:07:49:06 +0000] "GET /static/images/favicon.png HTTP/1.1" 200 - "http://localhost:3000/about" "Mozilla/5.0 (Macintosh; Intel Mac OS X 10_11_4) AppleWebKit/537.36 (KHTML, like Gecko) Chrome/49.0.2623.112 Safari/537.36"
::1 - - [12/May/2016:07:49:07 +0000] "GET /static/images/favicon.png HTTP/1.1" 200 - "http://localhost:3000/posts" "Mozilla/5.0 (Macintosh; Intel Mac OS X 10_11_4) AppleWebKit/537.36 (KHTML, like Gecko) Chrome/49.0.2623.112 Safari/537.36"
::1 - - [12/May/2016:07:49:07 +0000] "GET /api/posts?testParam=test HTTP/1.1" 304 - "http://localhost:3000/posts" "Mozilla/5.0 (Macintosh; Intel Mac OS X 10_11_4) AppleWebKit/537.36 (KHTML, like Gecko) Chrome/49.0.2623.112 Safari/537.36"
::1 - - [12/May/2016:07:49:12 +0000] "GET /ws/?EIO=3&transport=polling&t=LIZyDq- HTTP/1.1" 200 - "http://localhost:3000/" "Mozilla/5.0 (Macintosh; Intel Mac OS X 10_11_4) AppleWebKit/537.36 (KHTML, like Gecko) Chrome/49.0.2623.112 Safari/537.36"
::1 - - [12/May/2016:07:49:12 +0000] "POST /ws/?EIO=3&transport=polling&t=LIZyDr5 HTTP/1.1" 200 - "http://localhost:3000/" "Mozilla/5.0 (Macintosh; Intel Mac OS X 10_11_4) AppleWebKit/537.36 (KHTML, like Gecko) Chrome/49.0.2623.112 Safari/537.36"
::1 - - [12/May/2016:07:49:18 +0000] "GET /ws/?EIO=3&transport=polling&t=LIZyFIl HTTP/1.1" 200 - "http://localhost:3000/" "Mozilla/5.0 (Macintosh; Intel Mac OS X 10_11_4) AppleWebKit/537.36 (KHTML, like Gecko) Chrome/49.0.2623.112 Safari/537.36"
::1 - - [12/May/2016:07:49:18 +0000] "POST /ws/?EIO=3&transport=polling&t=LIZyFIr HTTP/1.1" 200 - "http://localhost:3000/" "Mozilla/5.0 (Macintosh; Intel Mac OS X 10_11_4) AppleWebKit/537.36 (KHTML, like Gecko) Chrome/49.0.2623.112 Safari/537.36"
::1 - - [12/May/2016:07:49:22 +0000] "GET /__webpack_hmr HTTP/1.1" 200 - "http://localhost:3000/posts" "Mozilla/5.0 (Macintosh; Intel Mac OS X 10_11_4) AppleWebKit/537.36 (KHTML, like Gecko) Chrome/49.0.2623.112 Safari/537.36"
::1 - - [12/May/2016:07:49:24 +0000] "GET /ws/?EIO=3&transport=polling&t=LIZyGmT HTTP/1.1" 200 - "http://localhost:3000/" "Mozilla/5.0 (Macintosh; Intel Mac OS X 10_11_4) AppleWebKit/537.36 (KHTML, like Gecko) Chrome/49.0.2623.112 Safari/537.36"
::1 - - [12/May/2016:07:49:24 +0000] "POST /ws/?EIO=3&transport=polling&t=LIZyGma HTTP/1.1" 200 - "http://localhost:3000/" "Mozilla/5.0 (Macintosh; Intel Mac OS X 10_11_4) AppleWebKit/537.36 (KHTML, like Gecko) Chrome/49.0.2623.112 Safari/537.36"
::1 - - [12/May/2016:07:49:30 +0000] "GET /ws/?EIO=3&transport=polling&t=LIZyIEH HTTP/1.1" 200 - "http://localhost:3000/" "Mozilla/5.0 (Macintosh; Intel Mac OS X 10_11_4) AppleWebKit/537.36 (KHTML, like Gecko) Chrome/49.0.2623.112 Safari/537.36"
::1 - - [12/May/2016:07:49:30 +0000] "POST /ws/?EIO=3&transport=polling&t=LIZyIEN HTTP/1.1" 200 - "http://localhost:3000/" "Mozilla/5.0 (Macintosh; Intel Mac OS X 10_11_4) AppleWebKit/537.36 (KHTML, like Gecko) Chrome/49.0.2623.112 Safari/537.36"
::1 - - [12/May/2016:07:49:36 +0000] "GET /ws/?EIO=3&transport=polling&t=LIZyJh_ HTTP/1.1" 200 - "http://localhost:3000/" "Mozilla/5.0 (Macintosh; Intel Mac OS X 10_11_4) AppleWebKit/537.36 (KHTML, like Gecko) Chrome/49.0.2623.112 Safari/537.36"
::1 - - [12/May/2016:07:49:36 +0000] "POST /ws/?EIO=3&transport=polling&t=LIZyJi6 HTTP/1.1" 200 - "http://localhost:3000/" "Mozilla/5.0 (Macintosh; Intel Mac OS X 10_11_4) AppleWebKit/537.36 (KHTML, like Gecko) Chrome/49.0.2623.112 Safari/537.36"
::1 - - [12/May/2016:07:49:42 +0000] "GET /ws/?EIO=3&transport=polling&t=LIZyL9j HTTP/1.1" 200 - "http://localhost:3000/" "Mozilla/5.0 (Macintosh; Intel Mac OS X 10_11_4) AppleWebKit/537.36 (KHTML, like Gecko) Chrome/49.0.2623.112 Safari/537.36"
::1 - - [12/May/2016:07:49:42 +0000] "POST /ws/?EIO=3&transport=polling&t=LIZyL9q HTTP/1.1" 200 - "http://localhost:3000/" "Mozilla/5.0 (Macintosh; Intel Mac OS X 10_11_4) AppleWebKit/537.36 (KHTML, like Gecko) Chrome/49.0.2623.112 Safari/537.36"
::1 - - [12/May/2016:07:49:44 +0000] "GET /__webpack_hmr HTTP/1.1" 200 - "http://localhost:3000/posts" "Mozilla/5.0 (Macintosh; Intel Mac OS X 10_11_4) AppleWebKit/537.36 (KHTML, like Gecko) Chrome/49.0.2623.112 Safari/537.36"
::1 - - [12/May/2016:07:49:48 +0000] "GET /ws/?EIO=3&transport=polling&t=LIZyMdX HTTP/1.1" 200 - "http://localhost:3000/" "Mozilla/5.0 (Macintosh; Intel Mac OS X 10_11_4) AppleWebKit/537.36 (KHTML, like Gecko) Chrome/49.0.2623.112 Safari/537.36"
::1 - - [12/May/2016:07:49:48 +0000] "POST /ws/?EIO=3&transport=polling&t=LIZyMdd HTTP/1.1" 200 - "http://localhost:3000/" "Mozilla/5.0 (Macintosh; Intel Mac OS X 10_11_4) AppleWebKit/537.36 (KHTML, like Gecko) Chrome/49.0.2623.112 Safari/537.36"
::1 - - [12/May/2016:07:49:54 +0000] "GET /ws/?EIO=3&transport=polling&t=LIZyO5G HTTP/1.1" 200 - "http://localhost:3000/" "Mozilla/5.0 (Macintosh; Intel Mac OS X 10_11_4) AppleWebKit/537.36 (KHTML, like Gecko) Chrome/49.0.2623.112 Safari/537.36"
::1 - - [12/May/2016:07:49:54 +0000] "POST /ws/?EIO=3&transport=polling&t=LIZyO5u HTTP/1.1" 200 - "http://localhost:3000/" "Mozilla/5.0 (Macintosh; Intel Mac OS X 10_11_4) AppleWebKit/537.36 (KHTML, like Gecko) Chrome/49.0.2623.112 Safari/537.36"
::1 - - [12/May/2016:07:50:00 +0000] "GET /ws/?EIO=3&transport=polling&t=LIZyPZ0 HTTP/1.1" 200 - "http://localhost:3000/" "Mozilla/5.0 (Macintosh; Intel Mac OS X 10_11_4) AppleWebKit/537.36 (KHTML, like Gecko) Chrome/49.0.2623.112 Safari/537.36"
::1 - - [12/May/2016:07:50:00 +0000] "POST /ws/?EIO=3&transport=polling&t=LIZyPZ7 HTTP/1.1" 200 - "http://localhost:3000/" "Mozilla/5.0 (Macintosh; Intel Mac OS X 10_11_4) AppleWebKit/537.36 (KHTML, like Gecko) Chrome/49.0.2623.112 Safari/537.36"
::1 - - [12/May/2016:07:50:04 +0000] "GET /__webpack_hmr HTTP/1.1" 200 - "http://localhost:3000/posts" "Mozilla/5.0 (Macintosh; Intel Mac OS X 10_11_4) AppleWebKit/537.36 (KHTML, like Gecko) Chrome/49.0.2623.112 Safari/537.36"
::1 - - [12/May/2016:07:50:06 +0000] "GET /ws/?EIO=3&transport=polling&t=LIZyR0l HTTP/1.1" 200 - "http://localhost:3000/" "Mozilla/5.0 (Macintosh; Intel Mac OS X 10_11_4) AppleWebKit/537.36 (KHTML, like Gecko) Chrome/49.0.2623.112 Safari/537.36"
::1 - - [12/May/2016:07:50:06 +0000] "POST /ws/?EIO=3&transport=polling&t=LIZyR0s HTTP/1.1" 200 - "http://localhost:3000/" "Mozilla/5.0 (Macintosh; Intel Mac OS X 10_11_4) AppleWebKit/537.36 (KHTML, like Gecko) Chrome/49.0.2623.112 Safari/537.36"
::1 - - [12/May/2016:07:50:12 +0000] "GET /ws/?EIO=3&transport=polling&t=LIZySUW HTTP/1.1" 200 - "http://localhost:3000/" "Mozilla/5.0 (Macintosh; Intel Mac OS X 10_11_4) AppleWebKit/537.36 (KHTML, like Gecko) Chrome/49.0.2623.112 Safari/537.36"
::1 - - [12/May/2016:07:50:12 +0000] "POST /ws/?EIO=3&transport=polling&t=LIZySUo HTTP/1.1" 200 - "http://localhost:3000/" "Mozilla/5.0 (Macintosh; Intel Mac OS X 10_11_4) AppleWebKit/537.36 (KHTML, like Gecko) Chrome/49.0.2623.112 Safari/537.36"
::1 - - [12/May/2016:07:50:18 +0000] "GET /ws/?EIO=3&transport=polling&t=LIZyTyH HTTP/1.1" 200 - "http://localhost:3000/" "Mozilla/5.0 (Macintosh; Intel Mac OS X 10_11_4) AppleWebKit/537.36 (KHTML, like Gecko) Chrome/49.0.2623.112 Safari/537.36"
::1 - - [12/May/2016:07:50:18 +0000] "POST /ws/?EIO=3&transport=polling&t=LIZyTyS HTTP/1.1" 200 - "http://localhost:3000/" "Mozilla/5.0 (Macintosh; Intel Mac OS X 10_11_4) AppleWebKit/537.36 (KHTML, like Gecko) Chrome/49.0.2623.112 Safari/537.36"
::1 - - [12/May/2016:07:50:24 +0000] "GET /ws/?EIO=3&transport=polling&t=LIZyVQ2 HTTP/1.1" 200 - "http://localhost:3000/" "Mozilla/5.0 (Macintosh; Intel Mac OS X 10_11_4) AppleWebKit/537.36 (KHTML, like Gecko) Chrome/49.0.2623.112 Safari/537.36"
::1 - - [12/May/2016:07:50:24 +0000] "POST /ws/?EIO=3&transport=polling&t=LIZyVQB HTTP/1.1" 200 - "http://localhost:3000/" "Mozilla/5.0 (Macintosh; Intel Mac OS X 10_11_4) AppleWebKit/537.36 (KHTML, like Gecko) Chrome/49.0.2623.112 Safari/537.36"
::1 - - [12/May/2016:07:50:25 +0000] "GET /__webpack_hmr HTTP/1.1" 200 - "http://localhost:3000/posts" "Mozilla/5.0 (Macintosh; Intel Mac OS X 10_11_4) AppleWebKit/537.36 (KHTML, like Gecko) Chrome/49.0.2623.112 Safari/537.36"
::1 - - [12/May/2016:07:50:30 +0000] "GET /ws/?EIO=3&transport=polling&t=LIZyWtq HTTP/1.1" 200 - "http://localhost:3000/" "Mozilla/5.0 (Macintosh; Intel Mac OS X 10_11_4) AppleWebKit/537.36 (KHTML, like Gecko) Chrome/49.0.2623.112 Safari/537.36"
::1 - - [12/May/2016:07:50:30 +0000] "POST /ws/?EIO=3&transport=polling&t=LIZyWtv HTTP/1.1" 200 - "http://localhost:3000/" "Mozilla/5.0 (Macintosh; Intel Mac OS X 10_11_4) AppleWebKit/537.36 (KHTML, like Gecko) Chrome/49.0.2623.112 Safari/537.36"
::1 - - [12/May/2016:07:50:36 +0000] "GET /ws/?EIO=3&transport=polling&t=LIZyYLY HTTP/1.1" 200 - "http://localhost:3000/" "Mozilla/5.0 (Macintosh; Intel Mac OS X 10_11_4) AppleWebKit/537.36 (KHTML, like Gecko) Chrome/49.0.2623.112 Safari/537.36"
::1 - - [12/May/2016:07:50:36 +0000] "POST /ws/?EIO=3&transport=polling&t=LIZyYLf HTTP/1.1" 200 - "http://localhost:3000/" "Mozilla/5.0 (Macintosh; Intel Mac OS X 10_11_4) AppleWebKit/537.36 (KHTML, like Gecko) Chrome/49.0.2623.112 Safari/537.36"
::1 - - [12/May/2016:07:50:42 +0000] "GET /ws/?EIO=3&transport=polling&t=LIZyZpG HTTP/1.1" 200 - "http://localhost:3000/" "Mozilla/5.0 (Macintosh; Intel Mac OS X 10_11_4) AppleWebKit/537.36 (KHTML, like Gecko) Chrome/49.0.2623.112 Safari/537.36"
::1 - - [12/May/2016:07:50:42 +0000] "POST /ws/?EIO=3&transport=polling&t=LIZyZpP HTTP/1.1" 200 - "http://localhost:3000/" "Mozilla/5.0 (Macintosh; Intel Mac OS X 10_11_4) AppleWebKit/537.36 (KHTML, like Gecko) Chrome/49.0.2623.112 Safari/537.36"
::1 - - [12/May/2016:07:50:47 +0000] "GET /__webpack_hmr HTTP/1.1" 200 - "http://localhost:3000/posts" "Mozilla/5.0 (Macintosh; Intel Mac OS X 10_11_4) AppleWebKit/537.36 (KHTML, like Gecko) Chrome/49.0.2623.112 Safari/537.36"
::1 - - [12/May/2016:07:50:48 +0000] "GET /ws/?EIO=3&transport=polling&t=LIZybH5 HTTP/1.1" 200 - "http://localhost:3000/" "Mozilla/5.0 (Macintosh; Intel Mac OS X 10_11_4) AppleWebKit/537.36 (KHTML, like Gecko) Chrome/49.0.2623.112 Safari/537.36"
::1 - - [12/May/2016:07:50:48 +0000] "POST /ws/?EIO=3&transport=polling&t=LIZybHE HTTP/1.1" 200 - "http://localhost:3000/" "Mozilla/5.0 (Macintosh; Intel Mac OS X 10_11_4) AppleWebKit/537.36 (KHTML, like Gecko) Chrome/49.0.2623.112 Safari/537.36"
::1 - - [12/May/2016:07:50:54 +0000] "GET /ws/?EIO=3&transport=polling&t=LIZyckn HTTP/1.1" 200 - "http://localhost:3000/" "Mozilla/5.0 (Macintosh; Intel Mac OS X 10_11_4) AppleWebKit/537.36 (KHTML, like Gecko) Chrome/49.0.2623.112 Safari/537.36"
::1 - - [12/May/2016:07:50:54 +0000] "POST /ws/?EIO=3&transport=polling&t=LIZyckt HTTP/1.1" 200 - "http://localhost:3000/" "Mozilla/5.0 (Macintosh; Intel Mac OS X 10_11_4) AppleWebKit/537.36 (KHTML, like Gecko) Chrome/49.0.2623.112 Safari/537.36"
::1 - - [12/May/2016:08:17:11 +0000] "GET / HTTP/1.1" 200 - "-" "Mozilla/5.0 (Macintosh; Intel Mac OS X 10_11_4) AppleWebKit/537.36 (KHTML, like Gecko) Chrome/49.0.2623.112 Safari/537.36"
::1 - - [12/May/2016:08:17:13 +0000] "GET /ws/?EIO=3&transport=polling&t=LIa2eFw HTTP/1.1" 200 - "http://localhost:3000/" "Mozilla/5.0 (Macintosh; Intel Mac OS X 10_11_4) AppleWebKit/537.36 (KHTML, like Gecko) Chrome/49.0.2623.112 Safari/537.36"
::1 - - [12/May/2016:08:17:13 +0000] "POST /ws/?EIO=3&transport=polling&t=LIa2eG6 HTTP/1.1" 200 - "http://localhost:3000/" "Mozilla/5.0 (Macintosh; Intel Mac OS X 10_11_4) AppleWebKit/537.36 (KHTML, like Gecko) Chrome/49.0.2623.112 Safari/537.36"
::1 - - [12/May/2016:08:17:19 +0000] "GET /ws/?EIO=3&transport=polling&t=LIa2fjh HTTP/1.1" 200 - "http://localhost:3000/" "Mozilla/5.0 (Macintosh; Intel Mac OS X 10_11_4) AppleWebKit/537.36 (KHTML, like Gecko) Chrome/49.0.2623.112 Safari/537.36"
::1 - - [12/May/2016:08:17:19 +0000] "POST /ws/?EIO=3&transport=polling&t=LIa2fjo HTTP/1.1" 200 - "http://localhost:3000/" "Mozilla/5.0 (Macintosh; Intel Mac OS X 10_11_4) AppleWebKit/537.36 (KHTML, like Gecko) Chrome/49.0.2623.112 Safari/537.36"
::1 - - [12/May/2016:08:17:22 +0000] "GET /__webpack_hmr HTTP/1.1" 200 - "http://localhost:3000/" "Mozilla/5.0 (Macintosh; Intel Mac OS X 10_11_4) AppleWebKit/537.36 (KHTML, like Gecko) Chrome/49.0.2623.112 Safari/537.36"
::1 - - [12/May/2016:08:17:25 +0000] "GET /ws/?EIO=3&transport=polling&t=LIa2hBS HTTP/1.1" 200 - "http://localhost:3000/" "Mozilla/5.0 (Macintosh; Intel Mac OS X 10_11_4) AppleWebKit/537.36 (KHTML, like Gecko) Chrome/49.0.2623.112 Safari/537.36"
::1 - - [12/May/2016:08:17:25 +0000] "POST /ws/?EIO=3&transport=polling&t=LIa2hBX HTTP/1.1" 200 - "http://localhost:3000/" "Mozilla/5.0 (Macintosh; Intel Mac OS X 10_11_4) AppleWebKit/537.36 (KHTML, like Gecko) Chrome/49.0.2623.112 Safari/537.36"
::1 - - [12/May/2016:08:17:31 +0000] "GET /ws/?EIO=3&transport=polling&t=LIa2if8 HTTP/1.1" 200 - "http://localhost:3000/" "Mozilla/5.0 (Macintosh; Intel Mac OS X 10_11_4) AppleWebKit/537.36 (KHTML, like Gecko) Chrome/49.0.2623.112 Safari/537.36"
::1 - - [12/May/2016:08:17:31 +0000] "POST /ws/?EIO=3&transport=polling&t=LIa2ifD HTTP/1.1" 200 - "http://localhost:3000/" "Mozilla/5.0 (Macintosh; Intel Mac OS X 10_11_4) AppleWebKit/537.36 (KHTML, like Gecko) Chrome/49.0.2623.112 Safari/537.36"
::1 - - [12/May/2016:08:17:37 +0000] "GET /ws/?EIO=3&transport=polling&t=LIa2k6u HTTP/1.1" 200 - "http://localhost:3000/" "Mozilla/5.0 (Macintosh; Intel Mac OS X 10_11_4) AppleWebKit/537.36 (KHTML, like Gecko) Chrome/49.0.2623.112 Safari/537.36"
::1 - - [12/May/2016:08:17:37 +0000] "POST /ws/?EIO=3&transport=polling&t=LIa2k7B HTTP/1.1" 200 - "http://localhost:3000/" "Mozilla/5.0 (Macintosh; Intel Mac OS X 10_11_4) AppleWebKit/537.36 (KHTML, like Gecko) Chrome/49.0.2623.112 Safari/537.36"
::1 - - [12/May/2016:08:17:43 +0000] "GET /__webpack_hmr HTTP/1.1" 200 - "http://localhost:3000/" "Mozilla/5.0 (Macintosh; Intel Mac OS X 10_11_4) AppleWebKit/537.36 (KHTML, like Gecko) Chrome/49.0.2623.112 Safari/537.36"
::1 - - [12/May/2016:08:17:43 +0000] "GET /ws/?EIO=3&transport=polling&t=LIa2lag HTTP/1.1" 200 - "http://localhost:3000/" "Mozilla/5.0 (Macintosh; Intel Mac OS X 10_11_4) AppleWebKit/537.36 (KHTML, like Gecko) Chrome/49.0.2623.112 Safari/537.36"
::1 - - [12/May/2016:08:17:43 +0000] "POST /ws/?EIO=3&transport=polling&t=LIa2lap HTTP/1.1" 200 - "http://localhost:3000/" "Mozilla/5.0 (Macintosh; Intel Mac OS X 10_11_4) AppleWebKit/537.36 (KHTML, like Gecko) Chrome/49.0.2623.112 Safari/537.36"
::1 - - [12/May/2016:08:17:49 +0000] "GET /ws/?EIO=3&transport=polling&t=LIa2n2T HTTP/1.1" 200 - "http://localhost:3000/" "Mozilla/5.0 (Macintosh; Intel Mac OS X 10_11_4) AppleWebKit/537.36 (KHTML, like Gecko) Chrome/49.0.2623.112 Safari/537.36"
::1 - - [12/May/2016:08:17:49 +0000] "POST /ws/?EIO=3&transport=polling&t=LIa2n2Z HTTP/1.1" 200 - "http://localhost:3000/" "Mozilla/5.0 (Macintosh; Intel Mac OS X 10_11_4) AppleWebKit/537.36 (KHTML, like Gecko) Chrome/49.0.2623.112 Safari/537.36"
::1 - - [12/May/2016:08:17:55 +0000] "GET /ws/?EIO=3&transport=polling&t=LIa2oWC HTTP/1.1" 200 - "http://localhost:3000/" "Mozilla/5.0 (Macintosh; Intel Mac OS X 10_11_4) AppleWebKit/537.36 (KHTML, like Gecko) Chrome/49.0.2623.112 Safari/537.36"
::1 - - [12/May/2016:08:17:55 +0000] "POST /ws/?EIO=3&transport=polling&t=LIa2oWK HTTP/1.1" 200 - "http://localhost:3000/" "Mozilla/5.0 (Macintosh; Intel Mac OS X 10_11_4) AppleWebKit/537.36 (KHTML, like Gecko) Chrome/49.0.2623.112 Safari/537.36"
::1 - - [12/May/2016:08:18:01 +0000] "GET /ws/?EIO=3&transport=polling&t=LIa2pzw HTTP/1.1" 200 - "http://localhost:3000/" "Mozilla/5.0 (Macintosh; Intel Mac OS X 10_11_4) AppleWebKit/537.36 (KHTML, like Gecko) Chrome/49.0.2623.112 Safari/537.36"
::1 - - [12/May/2016:08:18:01 +0000] "POST /ws/?EIO=3&transport=polling&t=LIa2p-0 HTTP/1.1" 200 - "http://localhost:3000/" "Mozilla/5.0 (Macintosh; Intel Mac OS X 10_11_4) AppleWebKit/537.36 (KHTML, like Gecko) Chrome/49.0.2623.112 Safari/537.36"
::1 - - [12/May/2016:08:18:04 +0000] "GET /__webpack_hmr HTTP/1.1" 200 - "http://localhost:3000/" "Mozilla/5.0 (Macintosh; Intel Mac OS X 10_11_4) AppleWebKit/537.36 (KHTML, like Gecko) Chrome/49.0.2623.112 Safari/537.36"
::1 - - [12/May/2016:08:18:07 +0000] "GET /ws/?EIO=3&transport=polling&t=LIa2rRk HTTP/1.1" 200 - "http://localhost:3000/" "Mozilla/5.0 (Macintosh; Intel Mac OS X 10_11_4) AppleWebKit/537.36 (KHTML, like Gecko) Chrome/49.0.2623.112 Safari/537.36"
::1 - - [12/May/2016:08:18:07 +0000] "POST /ws/?EIO=3&transport=polling&t=LIa2rRs HTTP/1.1" 200 - "http://localhost:3000/" "Mozilla/5.0 (Macintosh; Intel Mac OS X 10_11_4) AppleWebKit/537.36 (KHTML, like Gecko) Chrome/49.0.2623.112 Safari/537.36"
::1 - - [12/May/2016:08:18:13 +0000] "GET /ws/?EIO=3&transport=polling&t=LIa2svV HTTP/1.1" 200 - "http://localhost:3000/" "Mozilla/5.0 (Macintosh; Intel Mac OS X 10_11_4) AppleWebKit/537.36 (KHTML, like Gecko) Chrome/49.0.2623.112 Safari/537.36"
::1 - - [12/May/2016:08:18:13 +0000] "POST /ws/?EIO=3&transport=polling&t=LIa2svd HTTP/1.1" 200 - "http://localhost:3000/" "Mozilla/5.0 (Macintosh; Intel Mac OS X 10_11_4) AppleWebKit/537.36 (KHTML, like Gecko) Chrome/49.0.2623.112 Safari/537.36"
::1 - - [12/May/2016:19:19:35 +0000] "GET /__webpack_hmr HTTP/1.1" 200 - "http://localhost:3000/about" "Mozilla/5.0 (Macintosh; Intel Mac OS X 10_11_4) AppleWebKit/537.36 (KHTML, like Gecko) Chrome/50.0.2661.94 Safari/537.36"
::1 - - [12/May/2016:19:19:36 +0000] "GET /about HTTP/1.1" 200 - "-" "Mozilla/5.0 (Macintosh; Intel Mac OS X 10_11_4) AppleWebKit/537.36 (KHTML, like Gecko) Chrome/50.0.2661.94 Safari/537.36"
::1 - - [12/May/2016:19:19:37 +0000] "GET /static/images/example.jpg HTTP/1.1" 304 - "http://localhost:3000/about" "Mozilla/5.0 (Macintosh; Intel Mac OS X 10_11_4) AppleWebKit/537.36 (KHTML, like Gecko) Chrome/50.0.2661.94 Safari/537.36"
::1 - - [12/May/2016:19:19:37 +0000] "GET /__webpack_hmr HTTP/1.1" 200 - "http://localhost:3000/about" "Mozilla/5.0 (Macintosh; Intel Mac OS X 10_11_4) AppleWebKit/537.36 (KHTML, like Gecko) Chrome/50.0.2661.94 Safari/537.36"
::1 - - [12/May/2016:19:19:37 +0000] "GET /static/images/favicon.png HTTP/1.1" 200 - "http://localhost:3000/about" "Mozilla/5.0 (Macintosh; Intel Mac OS X 10_11_4) AppleWebKit/537.36 (KHTML, like Gecko) Chrome/50.0.2661.94 Safari/537.36"
::1 - - [12/May/2016:19:19:50 +0000] "GET /about HTTP/1.1" 200 - "-" "Mozilla/5.0 (Macintosh; Intel Mac OS X 10_11_4) AppleWebKit/537.36 (KHTML, like Gecko) Chrome/50.0.2661.94 Safari/537.36"
::1 - - [12/May/2016:19:19:50 +0000] "GET /static/images/example.jpg HTTP/1.1" 304 - "http://localhost:3000/about" "Mozilla/5.0 (Macintosh; Intel Mac OS X 10_11_4) AppleWebKit/537.36 (KHTML, like Gecko) Chrome/50.0.2661.94 Safari/537.36"
::1 - - [12/May/2016:19:19:50 +0000] "GET /__webpack_hmr HTTP/1.1" 200 - "http://localhost:3000/about" "Mozilla/5.0 (Macintosh; Intel Mac OS X 10_11_4) AppleWebKit/537.36 (KHTML, like Gecko) Chrome/50.0.2661.94 Safari/537.36"
::1 - - [12/May/2016:19:19:51 +0000] "GET /static/images/favicon.png HTTP/1.1" 200 - "http://localhost:3000/about" "Mozilla/5.0 (Macintosh; Intel Mac OS X 10_11_4) AppleWebKit/537.36 (KHTML, like Gecko) Chrome/50.0.2661.94 Safari/537.36"
::1 - - [12/May/2016:19:20:10 +0000] "GET /__webpack_hmr HTTP/1.1" 200 - "http://localhost:3000/about" "Mozilla/5.0 (Macintosh; Intel Mac OS X 10_11_4) AppleWebKit/537.36 (KHTML, like Gecko) Chrome/50.0.2661.94 Safari/537.36"
::1 - - [12/May/2016:19:20:12 +0000] "GET /about HTTP/1.1" 200 - "-" "Mozilla/5.0 (Macintosh; Intel Mac OS X 10_11_4) AppleWebKit/537.36 (KHTML, like Gecko) Chrome/50.0.2661.94 Safari/537.36"
::1 - - [12/May/2016:19:20:12 +0000] "GET /static/images/example.jpg HTTP/1.1" 304 - "http://localhost:3000/about" "Mozilla/5.0 (Macintosh; Intel Mac OS X 10_11_4) AppleWebKit/537.36 (KHTML, like Gecko) Chrome/50.0.2661.94 Safari/537.36"
::1 - - [12/May/2016:19:20:12 +0000] "GET /__webpack_hmr HTTP/1.1" 200 - "http://localhost:3000/about" "Mozilla/5.0 (Macintosh; Intel Mac OS X 10_11_4) AppleWebKit/537.36 (KHTML, like Gecko) Chrome/50.0.2661.94 Safari/537.36"
::1 - - [12/May/2016:19:20:13 +0000] "GET /static/images/favicon.png HTTP/1.1" 200 - "http://localhost:3000/about" "Mozilla/5.0 (Macintosh; Intel Mac OS X 10_11_4) AppleWebKit/537.36 (KHTML, like Gecko) Chrome/50.0.2661.94 Safari/537.36"
::1 - - [12/May/2016:19:20:33 +0000] "GET /__webpack_hmr HTTP/1.1" 200 - "http://localhost:3000/about" "Mozilla/5.0 (Macintosh; Intel Mac OS X 10_11_4) AppleWebKit/537.36 (KHTML, like Gecko) Chrome/50.0.2661.94 Safari/537.36"
::1 - - [12/May/2016:19:20:54 +0000] "GET /__webpack_hmr HTTP/1.1" 200 - "http://localhost:3000/about" "Mozilla/5.0 (Macintosh; Intel Mac OS X 10_11_4) AppleWebKit/537.36 (KHTML, like Gecko) Chrome/50.0.2661.94 Safari/537.36"
::1 - - [12/May/2016:19:21:15 +0000] "GET /__webpack_hmr HTTP/1.1" 200 - "http://localhost:3000/about" "Mozilla/5.0 (Macintosh; Intel Mac OS X 10_11_4) AppleWebKit/537.36 (KHTML, like Gecko) Chrome/50.0.2661.94 Safari/537.36"
::1 - - [12/May/2016:19:21:36 +0000] "GET /__webpack_hmr HTTP/1.1" 200 - "http://localhost:3000/about" "Mozilla/5.0 (Macintosh; Intel Mac OS X 10_11_4) AppleWebKit/537.36 (KHTML, like Gecko) Chrome/50.0.2661.94 Safari/537.36"
::1 - - [12/May/2016:19:21:57 +0000] "GET /__webpack_hmr HTTP/1.1" 200 - "http://localhost:3000/about" "Mozilla/5.0 (Macintosh; Intel Mac OS X 10_11_4) AppleWebKit/537.36 (KHTML, like Gecko) Chrome/50.0.2661.94 Safari/537.36"
::1 - - [12/May/2016:19:22:18 +0000] "GET /__webpack_hmr HTTP/1.1" 200 - "http://localhost:3000/about" "Mozilla/5.0 (Macintosh; Intel Mac OS X 10_11_4) AppleWebKit/537.36 (KHTML, like Gecko) Chrome/50.0.2661.94 Safari/537.36"
::1 - - [12/May/2016:19:22:38 +0000] "GET /__webpack_hmr HTTP/1.1" 200 - "http://localhost:3000/about" "Mozilla/5.0 (Macintosh; Intel Mac OS X 10_11_4) AppleWebKit/537.36 (KHTML, like Gecko) Chrome/50.0.2661.94 Safari/537.36"
::1 - - [12/May/2016:19:22:48 +0000] "GET /about HTTP/1.1" 200 - "-" "Mozilla/5.0 (Macintosh; Intel Mac OS X 10_11_4) AppleWebKit/537.36 (KHTML, like Gecko) Chrome/50.0.2661.94 Safari/537.36"
::1 - - [12/May/2016:19:22:48 +0000] "GET /static/images/example.jpg HTTP/1.1" 200 115450 "http://localhost:3000/about" "Mozilla/5.0 (Macintosh; Intel Mac OS X 10_11_4) AppleWebKit/537.36 (KHTML, like Gecko) Chrome/50.0.2661.94 Safari/537.36"
::1 - - [12/May/2016:19:22:49 +0000] "GET /__webpack_hmr HTTP/1.1" 200 - "http://localhost:3000/about" "Mozilla/5.0 (Macintosh; Intel Mac OS X 10_11_4) AppleWebKit/537.36 (KHTML, like Gecko) Chrome/50.0.2661.94 Safari/537.36"
::1 - - [12/May/2016:19:22:49 +0000] "GET /static/images/favicon.png HTTP/1.1" 200 - "http://localhost:3000/about" "Mozilla/5.0 (Macintosh; Intel Mac OS X 10_11_4) AppleWebKit/537.36 (KHTML, like Gecko) Chrome/50.0.2661.94 Safari/537.36"
::1 - - [12/May/2016:19:23:09 +0000] "GET /__webpack_hmr HTTP/1.1" 200 - "http://localhost:3000/about" "Mozilla/5.0 (Macintosh; Intel Mac OS X 10_11_4) AppleWebKit/537.36 (KHTML, like Gecko) Chrome/50.0.2661.94 Safari/537.36"
::1 - - [12/May/2016:19:23:26 +0000] "GET /static/images/favicon.png HTTP/1.1" 200 - "http://localhost:3000/posts" "Mozilla/5.0 (Macintosh; Intel Mac OS X 10_11_4) AppleWebKit/537.36 (KHTML, like Gecko) Chrome/50.0.2661.94 Safari/537.36"
::1 - - [12/May/2016:19:23:26 +0000] "GET /api/posts?testParam=test HTTP/1.1" 200 101 "http://localhost:3000/posts" "Mozilla/5.0 (Macintosh; Intel Mac OS X 10_11_4) AppleWebKit/537.36 (KHTML, like Gecko) Chrome/50.0.2661.94 Safari/537.36"
::1 - - [12/May/2016:19:23:29 +0000] "GET /__webpack_hmr HTTP/1.1" 200 - "http://localhost:3000/posts" "Mozilla/5.0 (Macintosh; Intel Mac OS X 10_11_4) AppleWebKit/537.36 (KHTML, like Gecko) Chrome/50.0.2661.94 Safari/537.36"
::1 - - [12/May/2016:19:23:44 +0000] "GET /posts HTTP/1.1" 200 - "-" "Mozilla/5.0 (Macintosh; Intel Mac OS X 10_11_4) AppleWebKit/537.36 (KHTML, like Gecko) Chrome/50.0.2661.94 Safari/537.36"
::1 - - [12/May/2016:19:23:44 +0000] "GET /api/posts?testParam=test HTTP/1.1" 200 101 "http://localhost:3000/posts" "Mozilla/5.0 (Macintosh; Intel Mac OS X 10_11_4) AppleWebKit/537.36 (KHTML, like Gecko) Chrome/50.0.2661.94 Safari/537.36"
::1 - - [12/May/2016:19:23:44 +0000] "GET /__webpack_hmr HTTP/1.1" 200 - "http://localhost:3000/posts" "Mozilla/5.0 (Macintosh; Intel Mac OS X 10_11_4) AppleWebKit/537.36 (KHTML, like Gecko) Chrome/50.0.2661.94 Safari/537.36"
::1 - - [12/May/2016:19:23:45 +0000] "GET /static/images/favicon.png HTTP/1.1" 200 - "http://localhost:3000/posts" "Mozilla/5.0 (Macintosh; Intel Mac OS X 10_11_4) AppleWebKit/537.36 (KHTML, like Gecko) Chrome/50.0.2661.94 Safari/537.36"
::1 - - [12/May/2016:19:24:04 +0000] "GET /__webpack_hmr HTTP/1.1" 200 - "http://localhost:3000/posts" "Mozilla/5.0 (Macintosh; Intel Mac OS X 10_11_4) AppleWebKit/537.36 (KHTML, like Gecko) Chrome/50.0.2661.94 Safari/537.36"
::1 - - [12/May/2016:19:24:24 +0000] "GET /__webpack_hmr HTTP/1.1" 200 - "http://localhost:3000/posts" "Mozilla/5.0 (Macintosh; Intel Mac OS X 10_11_4) AppleWebKit/537.36 (KHTML, like Gecko) Chrome/50.0.2661.94 Safari/537.36"
::1 - - [12/May/2016:19:24:45 +0000] "GET /__webpack_hmr HTTP/1.1" 200 - "http://localhost:3000/posts" "Mozilla/5.0 (Macintosh; Intel Mac OS X 10_11_4) AppleWebKit/537.36 (KHTML, like Gecko) Chrome/50.0.2661.94 Safari/537.36"
::1 - - [12/May/2016:19:25:05 +0000] "GET /__webpack_hmr HTTP/1.1" 200 - "http://localhost:3000/posts" "Mozilla/5.0 (Macintosh; Intel Mac OS X 10_11_4) AppleWebKit/537.36 (KHTML, like Gecko) Chrome/50.0.2661.94 Safari/537.36"
::1 - - [12/May/2016:19:25:24 +0000] "GET /static/images/loading.gif HTTP/1.1" 200 - "http://localhost:3000/async-example" "Mozilla/5.0 (Macintosh; Intel Mac OS X 10_11_4) AppleWebKit/537.36 (KHTML, like Gecko) Chrome/50.0.2661.94 Safari/537.36"
::1 - - [12/May/2016:19:25:24 +0000] "GET /static/images/favicon.png HTTP/1.1" 200 - "http://localhost:3000/async-example" "Mozilla/5.0 (Macintosh; Intel Mac OS X 10_11_4) AppleWebKit/537.36 (KHTML, like Gecko) Chrome/50.0.2661.94 Safari/537.36"
::1 - - [12/May/2016:19:25:25 +0000] "GET /__webpack_hmr HTTP/1.1" 200 - "http://localhost:3000/async-example" "Mozilla/5.0 (Macintosh; Intel Mac OS X 10_11_4) AppleWebKit/537.36 (KHTML, like Gecko) Chrome/50.0.2661.94 Safari/537.36"
::1 - - [12/May/2016:19:25:45 +0000] "GET /__webpack_hmr HTTP/1.1" 200 - "http://localhost:3000/async-example" "Mozilla/5.0 (Macintosh; Intel Mac OS X 10_11_4) AppleWebKit/537.36 (KHTML, like Gecko) Chrome/50.0.2661.94 Safari/537.36"
::1 - - [12/May/2016:19:26:05 +0000] "GET /__webpack_hmr HTTP/1.1" 200 - "http://localhost:3000/async-example" "Mozilla/5.0 (Macintosh; Intel Mac OS X 10_11_4) AppleWebKit/537.36 (KHTML, like Gecko) Chrome/50.0.2661.94 Safari/537.36"
